Using pre-set license
Built from '2020.2/release' branch; Version is '2020.2.2f1 (068178b99f32) revision 426360'; Using compiler version '192528614'; Build Type 'Release'
OS: 'Windows 10 Pro; OS build 19041.746; Version 2004; 64bit' Language: 'en' Physical Memory: 32698 MB
BatchMode: 1, IsHumanControllingUs: 0, StartBugReporterOnCrash: 0, Is64bit: 1, IsPro: 0

 COMMAND LINE ARGUMENTS:
C:\Program Files\Unity\Hub\Editor\2020.2.2f1\Editor\Unity.exe
-adb2
-batchMode
-noUpm
-name
AssetImportWorker0
-projectPath
C:/Users/Daniel/Desktop/Unity Projects/CaracasGameJam2021/Unity
-logFile
Logs/AssetImportWorker0.log
-srvPort
51373
Successfully changed project path to: C:/Users/Daniel/Desktop/Unity Projects/CaracasGameJam2021/Unity
C:/Users/Daniel/Desktop/Unity Projects/CaracasGameJam2021/Unity
Using Asset Import Pipeline V2.
Refreshing native plugins compatible for Editor in 237.63 ms, found 0 plugins.
Preloading 0 native plugins for Editor in 0.00 ms.
Initialize engine version: 2020.2.2f1 (068178b99f32)
[Subsystems] Discovering subsystems at path C:/Program Files/Unity/Hub/Editor/2020.2.2f1/Editor/Data/Resources/UnitySubsystems
[Subsystems] Discovering subsystems at path C:/Users/Daniel/Desktop/Unity Projects/CaracasGameJam2021/Unity/Assets
GfxDevice: creating device client; threaded=0
Direct3D:
    Version:  Direct3D 11.0 [level 11.1]
    Renderer: AMD Radeon R9 200 Series (ID=0x67b0)
    Vendor:   
    VRAM:     4072 MB
    Driver:   27.20.1034.6
Shader 'Universal Render Pipeline/Particles/Lit': fallback shader 'Universal Render Pipeline/Particles/SimpleLit' not found
Initialize mono
Mono path[0] = 'C:/Program Files/Unity/Hub/Editor/2020.2.2f1/Editor/Data/Managed'
Mono path[1] = 'C:/Program Files/Unity/Hub/Editor/2020.2.2f1/Editor/Data/MonoBleedingEdge/lib/mono/unityjit'
Mono config path = 'C:/Program Files/Unity/Hub/Editor/2020.2.2f1/Editor/Data/MonoBleedingEdge/etc'
Using monoOptions --debugger-agent=transport=dt_socket,embedding=1,server=y,suspend=n,address=127.0.0.1:56160
Begin MonoManager ReloadAssembly
Registering precompiled unity dll's ...
Register platform support module: C:/Program Files/Unity/Hub/Editor/2020.2.2f1/Editor/Data/PlaybackEngines/WebGLSupport/UnityEditor.WebGL.Extensions.dll
Register platform support module: C:/Program Files/Unity/Hub/Editor/2020.2.2f1/Editor/Data/PlaybackEngines/WindowsStandaloneSupport/UnityEditor.WindowsStandalone.Extensions.dll
Register platform support module: C:/Program Files/Unity/Hub/Editor/2020.2.2f1/Editor/Data/PlaybackEngines/LuminSupport/UnityEditor.Lumin.Extensions.dll
Registered in 0.012793 seconds.
Native extension for Lumin target not found
Native extension for WindowsStandalone target not found
Native extension for WebGL target not found
Refreshing native plugins compatible for Editor in 218.07 ms, found 0 plugins.
Preloading 0 native plugins for Editor in 0.00 ms.
Invoked RoslynAnalysisRunner static constructor.
RoslynAnalysisRunner will not be running.
RoslynAnalysisRunner has terminated.
Mono: successfully reloaded assembly
- Completed reload, in  5.906 seconds
Platform modules already initialized, skipping
Registering precompiled user dll's ...
Registered in 0.006073 seconds.
Begin MonoManager ReloadAssembly
Native extension for Lumin target not found
Native extension for WindowsStandalone target not found
Native extension for WebGL target not found
Refreshing native plugins compatible for Editor in 244.50 ms, found 0 plugins.
Preloading 0 native plugins for Editor in 0.00 ms.
Invoked RoslynAnalysisRunner static constructor.
RoslynAnalysisRunner will not be running.
RoslynAnalysisRunner has terminated.
Mono: successfully reloaded assembly
- Completed reload, in  4.919 seconds
Platform modules already initialized, skipping
========================================================================
Worker process is ready to serve import requests
Shader 'Universal Render Pipeline/Particles/Lit': fallback shader 'Universal Render Pipeline/Particles/SimpleLit' not found
Launched and connected shader compiler UnityShaderCompiler.exe after 0.18 seconds
Refreshing native plugins compatible for Editor in 1.33 ms, found 0 plugins.
Preloading 0 native plugins for Editor in 0.00 ms.
Unloading 2492 Unused Serialized files (Serialized files now loaded: 0)
System memory in use before: 118.2 MB.
System memory in use after: 118.4 MB.

Unloading 10 unused Assets to reduce memory usage. Loaded Objects now: 2932.
Total: 23.964900 ms (FindLiveObjects: 0.794800 ms CreateObjectMapping: 0.536500 ms MarkObjects: 22.391800 ms  DeleteObjects: 0.236900 ms)

========================================================================
Received Import Request.
  path: Assets/Scenes
  artifactKey: Guid(512878318dd7f4849bb8186894046bc9) Importer(815301076,1909f56bfc062723c751e8b465ee728b)
Start importing Assets/Scenes using Guid(512878318dd7f4849bb8186894046bc9) Importer(815301076,1909f56bfc062723c751e8b465ee728b)  -> (artifact id: '781597f3390816473c2534200b1c8ae5') in 0.045753 seconds
  Import took 0.061696 seconds .

========================================================================
Received Import Request.
  Time since last request: 0.505578 seconds.
  path: Assets/Scenes/Daniel.unity
  artifactKey: Guid(65ef80ac002b37b4bb3aff0afd1bdadb) Importer(815301076,1909f56bfc062723c751e8b465ee728b)
Start importing Assets/Scenes/Daniel.unity using Guid(65ef80ac002b37b4bb3aff0afd1bdadb) Importer(815301076,1909f56bfc062723c751e8b465ee728b)  -> (artifact id: 'e4002a22385460518854aa4e2a8cee01') in 0.057438 seconds
  Import took 0.076572 seconds .

========================================================================
Received Import Request.
  Time since last request: 1.560117 seconds.
  path: Assets/Scenes/Enrique.unity
  artifactKey: Guid(205dc07e352df7a4b91c3a577e8baee4) Importer(815301076,1909f56bfc062723c751e8b465ee728b)
Start importing Assets/Scenes/Enrique.unity using Guid(205dc07e352df7a4b91c3a577e8baee4) Importer(815301076,1909f56bfc062723c751e8b465ee728b)  -> (artifact id: 'c2607e78f2920379e846801c57e14aa1') in 0.040461 seconds
  Import took 0.063050 seconds .

========================================================================
Received Import Request.
  Time since last request: 3.960099 seconds.
  path: Assets/Scenes/Intro.unity
  artifactKey: Guid(3a4636e34c682954ea46042eeb87c4fa) Importer(815301076,1909f56bfc062723c751e8b465ee728b)
Start importing Assets/Scenes/Intro.unity using Guid(3a4636e34c682954ea46042eeb87c4fa) Importer(815301076,1909f56bfc062723c751e8b465ee728b)  -> (artifact id: '1d6f62abf89eb5a28547bf35b05d835e') in 0.019497 seconds
  Import took 0.030890 seconds .

========================================================================
Received Import Request.
  Time since last request: 1.972967 seconds.
  path: Assets/Scenes/Jonathan.unity
  artifactKey: Guid(8c70a3edb17de4b4397f61461411a3d8) Importer(815301076,1909f56bfc062723c751e8b465ee728b)
Start importing Assets/Scenes/Jonathan.unity using Guid(8c70a3edb17de4b4397f61461411a3d8) Importer(815301076,1909f56bfc062723c751e8b465ee728b)  -> (artifact id: '3784c32a6e07c1f5a1b71f03abea17dc') in 0.022115 seconds
  Import took 0.037794 seconds .

